<?xml version="1.0" encoding="UTF-8"?>
<!-- Generated by org.testng.reporters.JUnitXMLReporter -->
<testsuite ignored="0" hostname="MDALLAL" failures="0" tests="11" name="Default test" time="52.925" errors="0" timestamp="2025-05-21T18:44:31 GMT+03:00">
  <testcase classname="Almosafer_last_edit.Almosafer_last_edit.AppTest" name="Verify_Default_Language_Is_English" time="0.118"/>
  <testcase classname="Almosafer_last_edit.Almosafer_last_edit.AppTest" name="Verify_Default_Currency_Is_SAR" time="0.103"/>
  <testcase classname="Almosafer_last_edit.Almosafer_last_edit.AppTest" name="Verify_Displayed_Contact_Number_Is_Correct" time="0.04"/>
  <testcase classname="Almosafer_last_edit.Almosafer_last_edit.AppTest" name="Verify_That_Qitaf_Logo_Is_Displayed_In_Footer" time="0.461"/>
  <testcase classname="Almosafer_last_edit.Almosafer_last_edit.AppTest" name="Verify_Hotel_Tab_Is_Not_Selected_By_Default" time="1.986"/>
  <testcase classname="Almosafer_last_edit.Almosafer_last_edit.AppTest" name="Verify_Default_Departure_And_Return_Dates_Are_Set" time="0.814"/>
  <testcase classname="Almosafer_last_edit.Almosafer_last_edit.AppTest" name="Verify_That_Language_Changes_To_Random_Option" time="4.131"/>
  <testcase classname="Almosafer_last_edit.Almosafer_last_edit.AppTest" name="Search_Hotel_By_Random_City_Based_On_Website_Language" time="4.731"/>
  <testcase classname="Almosafer_last_edit.Almosafer_last_edit.AppTest" name="Select_Hotel_CheckIn_And_CheckOut_With_Custom_Dates" time="7.087"/>
  <testcase classname="Almosafer_last_edit.Almosafer_last_edit.AppTest" name="Select_Number_Of_Guests_And_Rooms" time="6.951"/>
  <testcase classname="Almosafer_last_edit.Almosafer_last_edit.AppTest" name="Verify_That_Hotel_Search_Results_Are_Displayed" time="22.17"/>
</testsuite> <!-- Default test -->
